# JRE version: Java(TM) SE Runtime Environment (19.0.2+7) (build 19.0.2+7-44)
# Java VM: Java HotSpot(TM) 64-Bit Server VM (19.0.2+7-44, mixed mode, sharing, tiered, compressed oops, compressed class ptrs, g1 gc, windows-amd64)
GC Precious Log:
 CardTable entry size: 512
 Card Set container configuration: InlinePtr #cards 5 size 8 Array Of Cards #cards 12 size 40 Howl #buckets 4 coarsen threshold 1843 Howl Bitmap #cards 512 size 80 coarsen threshold 460 Card regions per heap region 1 cards per card region 2048
 CPUs: 8 total, 8 available
 Memory: 7834M
 Large Page Support: Disabled
 NUMA Support: Disabled
 Compressed Oops: Enabled (32-bit)
 Heap Region Size: 1M
 Heap Min Capacity: 8M
 Heap Initial Capacity: 124M
 Heap Max Capacity: 1960M
 Pre-touch: Disabled
 Parallel Workers: 8
 Concurrent Workers: 2
 Concurrent Refinement Workers: 8
 Periodic GC: Disabled
Heap:
 garbage-first heap   total 539648K, used 204775K [0x0000000085800000, 0x0000000100000000)
  region size 1024K, 7 young (7168K), 1 survivors (1024K)
 Metaspace       used 14325K, committed 14592K, reserved 1114112K
  class space    used 1053K, committed 1152K, reserved 1048576K
GC Heap History (20 events):
Event: 2.866 GC heap before
{Heap before GC invocations=13 (full 0):
 garbage-first heap   total 539648K, used 242640K [0x0000000085800000, 0x0000000100000000)
  region size 1024K, 4 young (4096K), 1 survivors (1024K)
 Metaspace       used 14179K, committed 14400K, reserved 1114112K
  class space    used 1049K, committed 1152K, reserved 1048576K
}
Event: 2.868 GC heap after
{Heap after GC invocations=14 (full 0):
 garbage-first heap   total 539648K, used 93132K [0x0000000085800000, 0x0000000100000000)
  region size 1024K, 1 young (1024K), 1 survivors (1024K)
 Metaspace       used 14179K, committed 14400K, reserved 1114112K
  class space    used 1049K, committed 1152K, reserved 1048576K
}
Event: 3.007 GC heap before
{Heap before GC invocations=14 (full 0):
 garbage-first heap   total 539648K, used 242636K [0x0000000085800000, 0x0000000100000000)
  region size 1024K, 4 young (4096K), 1 survivors (1024K)
 Metaspace       used 14211K, committed 14400K, reserved 1114112K
  class space    used 1049K, committed 1152K, reserved 1048576K
}
Event: 3.009 GC heap after
{Heap after GC invocations=15 (full 0):
 garbage-first heap   total 539648K, used 93134K [0x0000000085800000, 0x0000000100000000)
  region size 1024K, 1 young (1024K), 1 survivors (1024K)
 Metaspace       used 14211K, committed 14400K, reserved 1114112K
  class space    used 1049K, committed 1152K, reserved 1048576K
}
Event: 3.150 GC heap before
{Heap before GC invocations=15 (full 0):
 garbage-first heap   total 539648K, used 242638K [0x0000000085800000, 0x0000000100000000)
  region size 1024K, 4 young (4096K), 1 survivors (1024K)
 Metaspace       used 14217K, committed 14400K, reserved 1114112K
  class space    used 1049K, committed 1152K, reserved 1048576K
}
Event: 3.152 GC heap after
{Heap after GC invocations=16 (full 0):
 garbage-first heap   total 539648K, used 93136K [0x0000000085800000, 0x0000000100000000)
  region size 1024K, 1 young (1024K), 1 survivors (1024K)
 Metaspace       used 14217K, committed 14400K, reserved 1114112K
  class space    used 1049K, committed 1152K, reserved 1048576K
}
Event: 3.290 GC heap before
{Heap before GC invocations=16 (full 0):
 garbage-first heap   total 539648K, used 242640K [0x0000000085800000, 0x0000000100000000)
  region size 1024K, 4 young (4096K), 1 survivors (1024K)
 Metaspace       used 14223K, committed 14400K, reserved 1114112K
  class space    used 1049K, committed 1152K, reserved 1048576K
}
Event: 3.292 GC heap after
{Heap after GC invocations=17 (full 0):
 garbage-first heap   total 539648K, used 93136K [0x0000000085800000, 0x0000000100000000)
  region size 1024K, 1 young (1024K), 1 survivors (1024K)
 Metaspace       used 14223K, committed 14400K, reserved 1114112K
  class space    used 1049K, committed 1152K, reserved 1048576K
}
Event: 3.429 GC heap before
{Heap before GC invocations=17 (full 0):
 garbage-first heap   total 539648K, used 242640K [0x0000000085800000, 0x0000000100000000)
  region size 1024K, 4 young (4096K), 1 survivors (1024K)
 Metaspace       used 14237K, committed 14464K, reserved 1114112K
  class space    used 1049K, committed 1152K, reserved 1048576K
}
Event: 3.431 GC heap after
{Heap after GC invocations=18 (full 0):
 garbage-first heap   total 539648K, used 93136K [0x0000000085800000, 0x0000000100000000)
  region size 1024K, 1 young (1024K), 1 survivors (1024K)
 Metaspace       used 14237K, committed 14464K, reserved 1114112K
  class space    used 1049K, committed 1152K, reserved 1048576K
}
Event: 3.571 GC heap before
{Heap before GC invocations=18 (full 0):
 garbage-first heap   total 539648K, used 242640K [0x0000000085800000, 0x0000000100000000)
  region size 1024K, 4 young (4096K), 1 survivors (1024K)
 Metaspace       used 14244K, committed 14464K, reserved 1114112K
  class space    used 1049K, committed 1152K, reserved 1048576K
}
Event: 3.572 GC heap after
{Heap after GC invocations=19 (full 0):
 garbage-first heap   total 539648K, used 93132K [0x0000000085800000, 0x0000000100000000)
  region size 1024K, 1 young (1024K), 1 survivors (1024K)
 Metaspace       used 14244K, committed 14464K, reserved 1114112K
  class space    used 1049K, committed 1152K, reserved 1048576K
}
Event: 3.711 GC heap before
{Heap before GC invocations=19 (full 0):
 garbage-first heap   total 539648K, used 242636K [0x0000000085800000, 0x0000000100000000)
  region size 1024K, 4 young (4096K), 1 survivors (1024K)
 Metaspace       used 14250K, committed 14464K, reserved 1114112K
  class space    used 1049K, committed 1152K, reserved 1048576K
}
Event: 3.713 GC heap after
{Heap after GC invocations=20 (full 0):
 garbage-first heap   total 539648K, used 93136K [0x0000000085800000, 0x0000000100000000)
  region size 1024K, 1 young (1024K), 1 survivors (1024K)
 Metaspace       used 14250K, committed 14464K, reserved 1114112K
  class space    used 1049K, committed 1152K, reserved 1048576K
}
Event: 3.854 GC heap before
{Heap before GC invocations=20 (full 0):
 garbage-first heap   total 539648K, used 242640K [0x0000000085800000, 0x0000000100000000)
  region size 1024K, 4 young (4096K), 1 survivors (1024K)
 Metaspace       used 14251K, committed 14464K, reserved 1114112K
  class space    used 1049K, committed 1152K, reserved 1048576K
}
Event: 3.856 GC heap after
{Heap after GC invocations=21 (full 0):
 garbage-first heap   total 539648K, used 93136K [0x0000000085800000, 0x0000000100000000)
  region size 1024K, 1 young (1024K), 1 survivors (1024K)
 Metaspace       used 14251K, committed 14464K, reserved 1114112K
  class space    used 1049K, committed 1152K, reserved 1048576K
}
Event: 3.992 GC heap before
{Heap before GC invocations=21 (full 0):
 garbage-first heap   total 539648K, used 242640K [0x0000000085800000, 0x0000000100000000)
  region size 1024K, 4 young (4096K), 1 survivors (1024K)
 Metaspace       used 14259K, committed 14528K, reserved 1114112K
  class space    used 1049K, committed 1152K, reserved 1048576K
}
Event: 3.993 GC heap after
{Heap after GC invocations=22 (full 0):
 garbage-first heap   total 539648K, used 93132K [0x0000000085800000, 0x0000000100000000)
  region size 1024K, 1 young (1024K), 1 survivors (1024K)
 Metaspace       used 14259K, committed 14528K, reserved 1114112K
  class space    used 1049K, committed 1152K, reserved 1048576K
}
Event: 4.137 GC heap before
{Heap before GC invocations=22 (full 0):
 garbage-first heap   total 539648K, used 242636K [0x0000000085800000, 0x0000000100000000)
  region size 1024K, 4 young (4096K), 1 survivors (1024K)
 Metaspace       used 14269K, committed 14528K, reserved 1114112K
  class space    used 1049K, committed 1152K, reserved 1048576K
}
Event: 4.139 GC heap after
{Heap after GC invocations=23 (full 0):
 garbage-first heap   total 539648K, used 93159K [0x0000000085800000, 0x0000000100000000)
  region size 1024K, 1 young (1024K), 1 survivors (1024K)
 Metaspace       used 14269K, committed 14528K, reserved 1114112K
  class space    used 1049K, committed 1152K, reserved 1048576K
}

